++++if control++++
the var is greater than 3

+++++define a var++++
abd


++++++for control+++++
3
1
7
2
9

31729
3 1 7 2 9 
3_1_7_2_9_

++++++for loop+++++
3 <-- The 1 times loop
1 <-- The 2 times loop
7 <-- The 3 times loop
2 <-- The 4 times loop
9 <-- The 5 times loop

Naruto----team1
Kakashi----team2
Sasuke----team3
Sakura----team1
Lee----team2
Gaara----team3
Itachi----team1

+++++for range+++++
the 0 times print in range
the 1 times print in range
the 2 times print in range

the 1 times print in range(start 1,end 10,step 3)
the 4 times print in range(start 1,end 10,step 3)
the 7 times print in range(start 1,end 10,step 3)

+++++for if+++++
loop number:2 --> the 1 is less then 5
loop number:3 --> the 5 is less then 5
loop number:4 --> the 3 is less then 5

loop number:1 --> the 1 is less then 5
loop number:2 --> the 5 is less then 5
loop number:3 --> the 3 is less then 5


+++++for if and else+++++
No one number is bigger then 10

the input is NULL


+++++for break and continue+++++
loop number:1 --> the 7 is bigger then 5
loop number:5 --> the 9 is bigger then 5

loop number:1 --> the 7's index is less then 4
loop number:2 --> the 1's index is less then 4
loop number:3 --> the 5's index is less then 4

+++++for recursive+++++
If No.2's index: 2-->The father: bob's son is tom
////////////
If No.2's index: 2-->The father: tom's son is jerry
////////////



If No.1's index: 1-->father's name is bob
-------
If No.2's index: 2-->The father: bob's son is tom
////////////
If No.1's index: 1-->father's name is tom
-------
If No.2's index: 2-->The father: tom's son is jerry
////////////
If No.1's index: 1-->father's name is jerry
-------



+++++for do+++++
3 5 
3 5 7 
+++++for comment+++++
{{ testlist }}

{% for i in testlist  -%}
{{ i~" " }}
{%- endfor %}
