+++++++Variable expression++++++++++++

[IP address for localhost ]

172.26.0.68

+++++++++Comparison expression++++++++
True
False
True
True
False
False

+++++Logical operation expression++++++++
True
False
False
False
True
True

+++++Arithmetic expression++++++++
5
-1
15
8
1.4
1
2

++++++Member expression++++++
True
False

+++++++Test expression++++++++
True
False
True
False
True


+++++++Various data types++++++++
### str
testString
testString
### num
15
18.8
### list
[u'Aa', u'Bb', u'Cc', u'Dd']
Bb
Bb
### tuple
('Aa','Bb','Cc','Dd')
(
(
### dict
{u'age': 18, u'name': u'bob'}
bob
bob
### Boolean
True
True
False
False

+++++++filter expression++++++++
TESTSTRING

+++++++lookup expression++++++++
file:
  liuqd:
      first: "first"
      last: "last"
/usr/local/bin:/usr/bin:/usr/local/sbin:/usr/sbin:/home/centos/.local/bin:/home/centos/bin

++++++++++++Ternary expression+++++++
example_num is bigger 