
******with_items and loop example******
[with_items]example1:--- liu
[with_items]example1:--- quan
[with_items]example1:--- dong
[with_items]example1:--- this
[with_items]example1:--- is
[with_items]example1:--- fire
[with_items]example2:--- user0
[with_items]example2:--- user1
[with_items]example2:--- user2
[with_items]example3:--- anddy and 23
[with_items]example3:--- tom and 25
[with_items]example4:--- anddy 
[with_items]example4:--- 23 
[with_items]example4:--- [u'just', [u'go', u'and']] 
[with_items]example4:--- tom 
[with_items]example4:--- 25 
[use loop instead of with_items]example4:--- anddy 
[use loop instead of with_items]example4:--- 23 
[use loop instead of with_items]example4:--- [u'just', [u'go', u'and']] 
[use loop instead of with_items]example4:--- tom 
[use loop instead of with_items]example4:--- 25 

******with_list and loop example******
[with_list]example1:--- [u'anddy', 23, [u'just', [u'go', u'and']]] 
[with_list]example1:--- [u'tom', 25] 
[loop instead of with_list]example1:--- [u'anddy', 23, [u'just', [u'go', u'and']]] 
[loop instead of with_list]example1:--- [u'tom', 25] 

******with_flattened and loop example******
[with_flattened]example1:--- anddy 
[with_flattened]example1:--- 23 
[with_flattened]example1:--- just 
[with_flattened]example1:--- go 
[with_flattened]example1:--- and 
[with_flattened]example1:--- tom 
[with_flattened]example1:--- 25 
[use loop instead of with_flattened]example1:--- anddy 
[use loop instead of with_flattened]example1:--- 23 
[use loop instead of with_flattened]example1:--- just 
[use loop instead of with_flattened]example1:--- go 
[use loop instead of with_flattened]example1:--- and 
[use loop instead of with_flattened]example1:--- tom 
[use loop instead of with_flattened]example1:--- 25 

******with_together and loop example******
[with_together]example1:--- [u'anddy', u'tom'] 
[with_together]example1:--- [23, 25] 
[with_together]example1:--- [u'just', [u'go', u'and'], None] 
[use loop instead of with_together]example1:--- [u'anddy', u'tom'] 
[use loop instead of with_together]example1:--- [23, 25] 
[use loop instead of with_together]example1:--- [[u'just', [u'go', u'and']], None] 

******with_nested and loop example******
[with_nested]example1:--- [u'anddy', u'tom'] 
[with_nested]example1:--- [u'anddy', 25] 
[with_nested]example1:--- [23, u'tom'] 
[with_nested]example1:--- [23, 25] 
[with_nested]example1:--- [u'just', u'go', u'and', u'tom'] 
[with_nested]example1:--- [u'just', u'go', u'and', 25] 
[use loop instead of with_nested]example1:--- [u'anddy', u'tom'] 
[use loop instead of with_nested]example1:--- [u'anddy', 25] 
[use loop instead of with_nested]example1:--- [23, u'tom'] 
[use loop instead of with_nested]example1:--- [23, 25] 
[use loop instead of with_nested]example1:--- [[u'just', [u'go', u'and']], u'tom'] 
[use loop instead of with_nested]example1:--- [[u'just', [u'go', u'and']], 25] 

******with_indexed_items and loop******
[with_indexed_items]example1:--- [0, u'anddy'] 
[with_indexed_items]example1:--- [1, 23] 
[with_indexed_items]example1:--- [2, [u'just', [u'go', u'and']]] 
[with_indexed_items]example1:--- [3, u'tom'] 
[with_indexed_items]example1:--- [4, 25] 
[use loop instead of with_indexed_items]example1:---0: anddy 
[use loop instead of with_indexed_items]example1:---1: 23 
[use loop instead of with_indexed_items]example1:---2: [u'just', [u'go', u'and']] 
[use loop instead of with_indexed_items]example1:---3: tom 
[use loop instead of with_indexed_items]example1:---4: 25 

******with_sequence and loop example******
[with_sequence]example1:--- testuser00 
[with_sequence]example1:--- testuser04 
[with_sequence]example1:--- testuser08 
[with_sequence]example1:--- testuser12 
[with_sequence]example1:--- testuser16 
[use loop instead of with_sequence]example1:--- testuser00 
[use loop instead of with_sequence]example1:--- testuser04 
[use loop instead of with_sequence]example1:--- testuser08 
[use loop instead of with_sequence]example1:--- testuser12 
[use loop instead of with_sequence]example1:--- testuser16 

******with_random_choice and random example******
[with_random_choice]example1:--- 1 
[use random instead of with_random_choice]example1:--- 0 
[use random instead of with_random_choice]example1:--- 2 
[use random instead of with_random_choice]example1:--- 1 

******with_dict and loop example******
[with_dict]example1:--- {'key': u'bob', 'value': u'male'} 
[with_dict]example1:--- {'key': u'alice', 'value': u'female'} 
[use loop instead of with_dict]example1:--- {'value': u'male', 'key': u'bob'} 
[use loop instead of with_dict]example1:--- {'value': u'female', 'key': u'alice'} 

******with_subelements and loop example******
[with_subelements]example1:--- [{u'age': 48, u'name': u'bob'}, u'Games'] 
[with_subelements]example1:--- [{u'age': 48, u'name': u'bob'}, u'Sports'] 
[with_subelements]example1:--- [{u'age': 45, u'name': u'alice'}, u'Music'] 
[use loop instead of with_subelements]example1:--- [{u'hobby': [u'Games', u'Sports'], u'age': 48, u'name': u'bob'}, u'Games'] 
[use loop instead of with_subelements]example1:--- [{u'hobby': [u'Games', u'Sports'], u'age': 48, u'name': u'bob'}, u'Sports'] 
[use loop instead of with_subelements]example1:--- [{u'hobby': [u'Music'], u'age': 45, u'name': u'alice'}, u'Music'] 

+++++with_file example+++
systeam:
  users:
  - name: tom
    age: 18
    hobby:
    - Skateboard
    - VideoGame
  - name: jerry
    age: 20
    hobby:
    - Music 
username,email
lorin,lorin@test.com
john,john@example.com
sue,sue@exmaple.com 

+++++with_fileglob example+++
/home/centos/ansible/vars/info.yaml 
/home/centos/ansible/vars/info.fact 

+++++with_lines example+++
[general]
package = httpd
service = httpd
state = started

+++++use register in loop example+++
ansible
config.file
file1
file2
file3

******loop_control example******
[loop_control]example:---0: bob 
[loop_control]example:---1: alice 

+++++use loop in a register+++
{
    "changed": true,
    "msg": "All items completed",
    "results": [
        {
            "ansible_loop_var": "item",
            "changed": true,
            "cmd": "echo this is my item: one",
            "delta": "0:00:00.003876",
            "end": "2020-03-07 12:58:06.967855",
            "failed": false,
            "invocation": {
                "module_args": {
                    "_raw_params": "echo this is my item: one",
                    "_uses_shell": true,
                    "argv": null,
                    "chdir": null,
                    "creates": null,
                    "executable": null,
                    "removes": null,
                    "stdin": null,
                    "stdin_add_newline": true,
                    "strip_empty_ends": true,
                    "warn": true
                }
            },
            "item": "one",
            "rc": 0,
            "start": "2020-03-07 12:58:06.963979",
            "stderr": "",
            "stderr_lines": [],
            "stdout": "this is my item: one",
            "stdout_lines": [
                "this is my item: one"
            ]
        },
        {
            "ansible_loop_var": "item",
            "changed": true,
            "cmd": "echo this is my item: two",
            "delta": "0:00:00.003780",
            "end": "2020-03-07 12:58:07.080316",
            "failed": false,
            "invocation": {
                "module_args": {
                    "_raw_params": "echo this is my item: two",
                    "_uses_shell": true,
                    "argv": null,
                    "chdir": null,
                    "creates": null,
                    "executable": null,
                    "removes": null,
                    "stdin": null,
                    "stdin_add_newline": true,
                    "strip_empty_ends": true,
                    "warn": true
                }
            },
            "item": "two",
            "rc": 0,
            "start": "2020-03-07 12:58:07.076536",
            "stderr": "",
            "stderr_lines": [],
            "stdout": "this is my item: two",
            "stdout_lines": [
                "this is my item: two"
            ]
        }
    ]
}
